Unity Editor version:    2020.3.19f1 (68f137dc9bbe)
Branch:                  2020.3/staging
Build type:              Release
Batch mode:              YES
macOS version:           Version 11.6 (Build 20G165)
Darwin version:          20.6.0
Architecture:            x86_64
Running under Rosetta:   NO
Available memory:        32768 MB
Using pre-set license
Pro License: NO

COMMAND LINE ARGUMENTS:
/Applications/Unity/Hub/Editor/2020.3.19f1/Unity.app/Contents/MacOS/Unity
-adb2
-batchMode
-noUpm
-name
AssetImportWorker0
-projectPath
/Users/mariasantos/Developer/GitHub/LADAT-RPMI-2021-22/Mi Primer Proyecto RPMI
-logFile
Logs/AssetImportWorker0.log
-srvPort
56110
Successfully changed project path to: /Users/mariasantos/Developer/GitHub/LADAT-RPMI-2021-22/Mi Primer Proyecto RPMI
/Users/mariasantos/Developer/GitHub/LADAT-RPMI-2021-22/Mi Primer Proyecto RPMI
Using Asset Import Pipeline V2.
Refreshing native plugins compatible for Editor in 27.82 ms, found 2 plugins.
Preloading 0 native plugins for Editor in 0.00 ms.
Initialize engine version: 2020.3.19f1 (68f137dc9bbe)
[Subsystems] Discovering subsystems at path /Applications/Unity/Hub/Editor/2020.3.19f1/Unity.app/Contents/Resources/UnitySubsystems
[Subsystems] Discovering subsystems at path /Users/mariasantos/Developer/GitHub/LADAT-RPMI-2021-22/Mi Primer Proyecto RPMI/Assets
GfxDevice: creating device client; threaded=0
2021-10-04 08:13:52.853 Unity[80982:3647709] Color LCD preferred device: Intel(R) Iris(TM) Plus Graphics (low power)
2021-10-04 08:13:52.853 Unity[80982:3647709] Metal devices available: 1
2021-10-04 08:13:52.853 Unity[80982:3647709] 0: Intel(R) Iris(TM) Plus Graphics (low power)
2021-10-04 08:13:52.853 Unity[80982:3647709] Using device Intel(R) Iris(TM) Plus Graphics (low power)
Initializing Metal device caps: Intel(R) Iris(TM) Plus Graphics
Initialize mono
Mono path[0] = '/Applications/Unity/Hub/Editor/2020.3.19f1/Unity.app/Contents/Managed'
Mono path[1] = '/Applications/Unity/Hub/Editor/2020.3.19f1/Unity.app/Contents/MonoBleedingEdge/lib/mono/unityjit'
Mono config path = '/Applications/Unity/Hub/Editor/2020.3.19f1/Unity.app/Contents/MonoBleedingEdge/etc'
Using monoOptions --debugger-agent=transport=dt_socket,embedding=1,server=y,suspend=n,address=127.0.0.1:56982
Begin MonoManager ReloadAssembly
Registering precompiled unity dll's ...
Register platform support module: /Applications/Unity/Hub/Editor/2020.3.19f1/Unity.app/Contents/PlaybackEngines/MacStandaloneSupport/UnityEditor.OSXStandalone.Extensions.dll
Registered in 0.000885 seconds.
Native extension for OSXStandalone target not found
Refreshing native plugins compatible for Editor in 26.56 ms, found 2 plugins.
Preloading 0 native plugins for Editor in 0.00 ms.
Mono: successfully reloaded assembly
- Completed reload, in  2.779 seconds
Domain Reload Profiling:
	ReloadAssembly (2779ms)
		BeginReloadAssembly (48ms)
			ExecutionOrderSort (0ms)
			DisableScriptedObjects (0ms)
			BackupInstance (0ms)
			ReleaseScriptingObjects (0ms)
			CreateAndSetChildDomain (1ms)
		EndReloadAssembly (459ms)
			LoadAssemblies (46ms)
			RebuildTransferFunctionScriptingTraits (0ms)
			SetupTypeCache (194ms)
			ReleaseScriptCaches (0ms)
			RebuildScriptCaches (38ms)
			SetupLoadedEditorAssemblies (170ms)
				LogAssemblyErrors (0ms)
				InitializePlatformSupportModulesInManaged (4ms)
				SetLoadedEditorAssemblies (0ms)
				RefreshPlugins (27ms)
				BeforeProcessingInitializeOnLoad (10ms)
				ProcessInitializeOnLoadAttributes (98ms)
				ProcessInitializeOnLoadMethodAttributes (32ms)
				AfterProcessingInitializeOnLoad (0ms)
				EditorAssembliesLoaded (0ms)
			ExecutionOrderSort2 (0ms)
			AwakeInstancesAfterBackupRestoration (0ms)
Platform modules already initialized, skipping
Registering precompiled user dll's ...
Registered in 0.001097 seconds.
Begin MonoManager ReloadAssembly
Native extension for OSXStandalone target not found
Refreshing native plugins compatible for Editor in 0.26 ms, found 2 plugins.
Preloading 0 native plugins for Editor in 0.00 ms.
Mono: successfully reloaded assembly
- Completed reload, in  1.109 seconds
Domain Reload Profiling:
	ReloadAssembly (1112ms)
		BeginReloadAssembly (177ms)
			ExecutionOrderSort (0ms)
			DisableScriptedObjects (5ms)
			BackupInstance (0ms)
			ReleaseScriptingObjects (0ms)
			CreateAndSetChildDomain (31ms)
		EndReloadAssembly (870ms)
			LoadAssemblies (84ms)
			RebuildTransferFunctionScriptingTraits (0ms)
			SetupTypeCache (315ms)
			ReleaseScriptCaches (0ms)
			RebuildScriptCaches (54ms)
			SetupLoadedEditorAssemblies (313ms)
				LogAssemblyErrors (0ms)
				InitializePlatformSupportModulesInManaged (5ms)
				SetLoadedEditorAssemblies (1ms)
				RefreshPlugins (0ms)
				BeforeProcessingInitializeOnLoad (67ms)
				ProcessInitializeOnLoadAttributes (234ms)
				ProcessInitializeOnLoadMethodAttributes (4ms)
				AfterProcessingInitializeOnLoad (2ms)
				EditorAssembliesLoaded (0ms)
			ExecutionOrderSort2 (0ms)
			AwakeInstancesAfterBackupRestoration (7ms)
Platform modules already initialized, skipping
Validating Project structure ... 0.000243 seconds.
Shader import version has changed; will reimport all shaders...
Upgrading shader files ...0.000194 seconds.
Application.AssetDatabase Initial Script Refresh Start
RefreshInfo: InitialScriptRefreshV2(NoUpdateAssetOptions) scanfilter:  ... 1 filters
RefreshProfiler: Total: 0.000ms
Application.AssetDatabase Initial Script Refresh End
Application.AssetDatabase.Refresh Start
Application.AssetDatabase.Refresh End
RefreshInfo: StopAssetImportingV2(ForceSynchronousImport) scanfilter: 
RefreshProfiler: Total: 0.000ms
Launching external process: /Applications/Unity/Hub/Editor/2020.3.19f1/Unity.app/Contents/Tools/UnityShaderCompiler
Launched and connected shader compiler UnityShaderCompiler after 0.01 seconds
Initializing Unity extensions:
========================================================================
Worker process is ready to serve import requests
Refreshing native plugins compatible for Editor in 0.24 ms, found 2 plugins.
Preloading 0 native plugins for Editor in 0.00 ms.
Unloading 1398 Unused Serialized files (Serialized files now loaded: 0)
System memory in use before: 159.6 MB.
System memory in use after: 158.8 MB.

Unloading 77 unused Assets to reduce memory usage. Loaded Objects now: 1872.
Total: 3.104902 ms (FindLiveObjects: 0.128903 ms CreateObjectMapping: 0.035705 ms MarkObjects: 2.502719 ms  DeleteObjects: 0.436724 ms)

AssetImportParameters requested are different than current active one (requested -> active):
  custom:video-decoder-ogg-theora: a1e56fd34408186e4bbccfd4996cb3dc -> 
  custom:container-muxer-webm: aa71ff27fc2769a1b78a27578f13a17b -> 
  custom:container-demuxer-webm: 4f35f7cbe854078d1ac9338744f61a02 -> 
  custom:container-demuxer-ogg: 62fdf1f143b41e24485cea50d1cbac27 -> 
  custom:video-encoder-webm-vp8: eb34c28f22e8b96e1ab97ce403110664 -> 
  custom:framework-osx-AVFoundation: e770b220cccbd017edd2c1fefb359320 -> 
  custom:video-decoder-webm-vp8: 9c59270c3fd7afecdb556c50c9e8de78 -> 
  custom:audio-decoder-ogg-vorbis: bf7c407c2cedff20999df2af8eb42d56 -> 
  custom:audio-encoder-webm-vorbis: bf7c407c2cedff20999df2af8eb42d56 -> 
========================================================================
Received Import Request.
  path: Assets
  artifactKey: Guid(00000000000000001000000000000000) Importer(815301076,1909f56bfc062723c751e8b465ee728b)
Start importing Assets using Guid(00000000000000001000000000000000) Importer(815301076,1909f56bfc062723c751e8b465ee728b)  -> (artifact id: '42d402b061de3733987d63b9cc3b64de') in 0.006946 seconds 
  Import took 0.009275 seconds .

========================================================================
Received Import Request.
  Time since last request: 17.698192 seconds.
  path: Assets/Materials
  artifactKey: Guid(650668dd1ec8246639850add009128e6) Importer(815301076,1909f56bfc062723c751e8b465ee728b)
Start importing Assets/Materials using Guid(650668dd1ec8246639850add009128e6) Importer(815301076,1909f56bfc062723c751e8b465ee728b)  -> (artifact id: '0275371b52f80c992bfbc42468a338f0') in 0.002950 seconds 
  Import took 0.005792 seconds .

========================================================================
Received Import Request.
  Time since last request: 46.254447 seconds.
  path: Assets/Materials/Blue_Mat.mat
  artifactKey: Guid(257bf51fb15204f828e046d7cd79e0ef) Importer(815301076,1909f56bfc062723c751e8b465ee728b)
Start importing Assets/Materials/Blue_Mat.mat using Guid(257bf51fb15204f828e046d7cd79e0ef) Importer(815301076,1909f56bfc062723c751e8b465ee728b)  -> (artifact id: '120706cbc4869d628083a33a658a7b09') in 1.194591 seconds 
  Import took 1.197234 seconds .

========================================================================
Received Import Request.
  Time since last request: 1032.189711 seconds.
  path: Assets/Textures
  artifactKey: Guid(3f4d3d221c7094f40b244746e9c2b567) Importer(815301076,1909f56bfc062723c751e8b465ee728b)
Start importing Assets/Textures using Guid(3f4d3d221c7094f40b244746e9c2b567) Importer(815301076,1909f56bfc062723c751e8b465ee728b)  -> (artifact id: '8d9b6e29b94a39875087ea2d1146c753') in 0.003234 seconds 
  Import took 0.005979 seconds .

========================================================================
Received Import Request.
  Time since last request: 36.440649 seconds.
  path: Assets/Textures/2417673_stock-photo-seamless-vector-texture---circuit-board.jpg
  artifactKey: Guid(730afb2802b3d448b91b7f32dbf39d7c) Importer(815301076,1909f56bfc062723c751e8b465ee728b)
Start importing Assets/Textures/2417673_stock-photo-seamless-vector-texture---circuit-board.jpg using Guid(730afb2802b3d448b91b7f32dbf39d7c) Importer(815301076,1909f56bfc062723c751e8b465ee728b)  -> (artifact id: '9e00f41c3cee213867cb363ec8aabac9') in 0.931388 seconds 
  Import took 0.933898 seconds .

========================================================================
Received Import Request.
  Time since last request: 2062.960992 seconds.
  path: Assets/Materials/Black_Mat.mat
  artifactKey: Guid(30cb36d299dd949dc8f370b015358849) Importer(815301076,1909f56bfc062723c751e8b465ee728b)
Start importing Assets/Materials/Black_Mat.mat using Guid(30cb36d299dd949dc8f370b015358849) Importer(815301076,1909f56bfc062723c751e8b465ee728b)  -> (artifact id: '022a6a21ff3a76e6ea151630981de6a1') in 0.014142 seconds 
  Import took 0.016954 seconds .

========================================================================
Received Import Request.
  Time since last request: 143.615312 seconds.
  path: Assets/Materials/Red_Mat.mat
  artifactKey: Guid(accea8b7772984e0eb669b9da2ccc6e4) Importer(815301076,1909f56bfc062723c751e8b465ee728b)
Start importing Assets/Materials/Red_Mat.mat using Guid(accea8b7772984e0eb669b9da2ccc6e4) Importer(815301076,1909f56bfc062723c751e8b465ee728b)  -> (artifact id: '4cc6ee3d4c4be91998119c35cb4935e9') in 0.011238 seconds 
  Import took 0.014190 seconds .

========================================================================
Received Import Request.
  Time since last request: 772.006166 seconds.
  path: Assets/Prefabs
  artifactKey: Guid(255c20586e2164593a86a0e3b9b82d51) Importer(815301076,1909f56bfc062723c751e8b465ee728b)
Start importing Assets/Prefabs using Guid(255c20586e2164593a86a0e3b9b82d51) Importer(815301076,1909f56bfc062723c751e8b465ee728b)  -> (artifact id: '71aa5270dd9a873f2c42204f6b38b0bb') in 0.003514 seconds 
  Import took 0.005981 seconds .

========================================================================
Received Import Request.
  Time since last request: 14.865731 seconds.
  path: Assets/Prefabs/Temple.prefab
  artifactKey: Guid(74b14d5aa676543deacb6452f83f18ed) Importer(815301076,1909f56bfc062723c751e8b465ee728b)
Start importing Assets/Prefabs/Temple.prefab using Guid(74b14d5aa676543deacb6452f83f18ed) Importer(815301076,1909f56bfc062723c751e8b465ee728b)  -> (artifact id: '191f13efdb97c664aba98e711089c797') in 0.355455 seconds 
  Import took 0.358324 seconds .

========================================================================
Received Import Request.
  Time since last request: 476.529574 seconds.
  path: Assets/Prefabs/Temple.prefab
  artifactKey: Guid(74b14d5aa676543deacb6452f83f18ed) Importer(815301076,1909f56bfc062723c751e8b465ee728b)
Start importing Assets/Prefabs/Temple.prefab using Guid(74b14d5aa676543deacb6452f83f18ed) Importer(815301076,1909f56bfc062723c751e8b465ee728b)  -> (artifact id: '05c98ee5d5e73c8a4cf856c9772422ac') in 0.026091 seconds 
  Import took 0.029574 seconds .

========================================================================
Received Import Request.
  Time since last request: 56.281291 seconds.
  path: Assets/Materials/Black_Mat.mat
  artifactKey: Guid(30cb36d299dd949dc8f370b015358849) Importer(815301076,1909f56bfc062723c751e8b465ee728b)
Start importing Assets/Materials/Black_Mat.mat using Guid(30cb36d299dd949dc8f370b015358849) Importer(815301076,1909f56bfc062723c751e8b465ee728b)  -> (artifact id: 'ae75289963b764adde864188eafa58bf') in 0.015646 seconds 
  Import took 0.018696 seconds .

========================================================================
Received Import Request.
  Time since last request: 0.000298 seconds.
  path: Assets/Materials/Blue_Mat.mat
  artifactKey: Guid(257bf51fb15204f828e046d7cd79e0ef) Importer(815301076,1909f56bfc062723c751e8b465ee728b)
Start importing Assets/Materials/Blue_Mat.mat using Guid(257bf51fb15204f828e046d7cd79e0ef) Importer(815301076,1909f56bfc062723c751e8b465ee728b)  -> (artifact id: 'bf10c77bbf87fe6b9504487a3d186eba') in 0.012858 seconds 
  Import took 0.015650 seconds .

========================================================================
Received Import Request.
  Time since last request: 0.000421 seconds.
  path: Assets/Materials/Red_Mat.mat
  artifactKey: Guid(accea8b7772984e0eb669b9da2ccc6e4) Importer(815301076,1909f56bfc062723c751e8b465ee728b)
Start importing Assets/Materials/Red_Mat.mat using Guid(accea8b7772984e0eb669b9da2ccc6e4) Importer(815301076,1909f56bfc062723c751e8b465ee728b)  -> (artifact id: '626980e2c950f239d72a651262be9475') in 0.017532 seconds 
  Import took 0.021117 seconds .

========================================================================
Received Import Request.
  Time since last request: 124.849362 seconds.
  path: Assets/Prefabs/Temple (1) Variant.prefab
  artifactKey: Guid(0252519d7b0e34240ad4875bef1a52ba) Importer(815301076,1909f56bfc062723c751e8b465ee728b)
Start importing Assets/Prefabs/Temple (1) Variant.prefab using Guid(0252519d7b0e34240ad4875bef1a52ba) Importer(815301076,1909f56bfc062723c751e8b465ee728b)  -> (artifact id: 'f48fa6cf1ea57fe1a06f46a4d13d9818') in 0.015011 seconds 
  Import took 0.017821 seconds .

========================================================================
Received Import Request.
  Time since last request: 311.034279 seconds.
  path: Assets/Prefabs/Temple (1) Variant.prefab
  artifactKey: Guid(0252519d7b0e34240ad4875bef1a52ba) Importer(815301076,1909f56bfc062723c751e8b465ee728b)
Start importing Assets/Prefabs/Temple (1) Variant.prefab using Guid(0252519d7b0e34240ad4875bef1a52ba) Importer(815301076,1909f56bfc062723c751e8b465ee728b)  -> (artifact id: '8e35f7c9dfa82e1dacadc633a00f0b33') in 0.014929 seconds 
  Import took 0.018528 seconds .

========================================================================
Received Import Request.
  Time since last request: 0.000292 seconds.
  path: Assets/Prefabs/Temple.prefab
  artifactKey: Guid(74b14d5aa676543deacb6452f83f18ed) Importer(815301076,1909f56bfc062723c751e8b465ee728b)
Start importing Assets/Prefabs/Temple.prefab using Guid(74b14d5aa676543deacb6452f83f18ed) Importer(815301076,1909f56bfc062723c751e8b465ee728b)  -> (artifact id: '4cdd0d7dcbf999371912932c6c4d7c67') in 0.010565 seconds 
  Import took 0.014023 seconds .

========================================================================
Received Import Request.
  Time since last request: 534.987361 seconds.
  path: Assets/Prefabs/Temple (4) Variant.prefab
  artifactKey: Guid(de19be9cfbc90467e94fb70ebae4c9cd) Importer(815301076,1909f56bfc062723c751e8b465ee728b)
Start importing Assets/Prefabs/Temple (4) Variant.prefab using Guid(de19be9cfbc90467e94fb70ebae4c9cd) Importer(815301076,1909f56bfc062723c751e8b465ee728b)  -> (artifact id: '1ab45a25a45d5c2801b426de41e9deb7') in 0.013118 seconds 
  Import took 0.016899 seconds .

